P-CAD Schematic ASCII File Export Log :
   Current document: C:\Users\12302093\Documents\Bodemsensor\Bodemsensor.sch
   BeginLog
      Information : 
      Information :   Start exporting symbols
      Information :    Exporting symbol definition(s) for component [CMP-157458-000001-1]
      Warning :     Symbol name [CMP-157458-000001-1], mode [Normal], part [1] changed to [CMP-157458-000001-1_1_N]
      Warning :     Rectangle [200mil : -900mil]-[1000mil : 100mil] exported as lines.
      Information : Start exporting the symbol definitions for power ports
      Warning :     End exporting the symbol defintions for power ports
      Information :   End exporting symbols
      Information : 
      Information : 
      Information :   Start exporting components
      Information :    Exporting component [CMP-157458-000001-1]
      Information : Start exporting component definitions for power ports
      Warning :     End exporting component definitions for powerports
      Information :   End exporting components
      Information : 
   EndLog
   Imported succesfully!
 
      Information : Start export of netlist
      Information : Start export of component instances
      Information : End export of component instances
      Information : Start export of nets
      Information : End export of nets
      Information : End export of netlist
      Information : Start exporting the objects for sheet [Bodemsensor]
      Information : Start WIRES export
      Information : End WIRES export
      Information : Start BUSES export
      Information : End BUSES export
      Information : Start PORTS export
      Information : End PORTS export
      Warning :     P-CAD doesn't support object type [Parameter]
      Warning :     P-CAD doesn't support object type [Parameter]
      Warning :     P-CAD doesn't support object type [Parameter]
      Warning :     P-CAD doesn't support object type [Parameter]
      Warning :     P-CAD doesn't support object type [Parameter]
      Warning :     P-CAD doesn't support object type [Parameter]
      Warning :     P-CAD doesn't support object type [Parameter]
      Warning :     P-CAD doesn't support object type [Parameter]
      Warning :     P-CAD doesn't support object type [Parameter]
      Warning :     P-CAD doesn't support object type [Parameter]
      Warning :     P-CAD doesn't support object type [Parameter]
      Warning :     P-CAD doesn't support object type [Parameter]
      Warning :     P-CAD doesn't support object type [Parameter]
      Warning :     P-CAD doesn't support object type [Parameter]
      Warning :     P-CAD doesn't support object type [Parameter]
      Warning :     P-CAD doesn't support object type [Parameter]
      Warning :     P-CAD doesn't support object type [Parameter]
      Warning :     P-CAD doesn't support object type [Parameter]
      Warning :     P-CAD doesn't support object type [Parameter]
      Warning :     P-CAD doesn't support object type [Parameter]
      Warning :     P-CAD doesn't support object type [Parameter]
      Warning :     P-CAD doesn't support object type [Parameter]
      Warning :     P-CAD doesn't support object type [Parameter]
      Warning :     P-CAD doesn't support object type [Parameter]
      Warning :     P-CAD doesn't support object type [Parameter]
      Warning :     P-CAD doesn't support object type [Parameter]
      Warning :     P-CAD doesn't support object type [Parameter]
      Warning :     Exporting powerport at [9100mil : 5500mil] as component with designator [PP51]
      Warning :     Exporting powerport at [2300mil : 4600mil] as component with designator [GND1]
      Information : End exporting the objects for sheet [Bodemsensor]
EndLog
